src/cmd/radon.v:15:16: error: unknown function: tools.run.radon_run 
   13 |     if os.args.len > 1 {
   14 |         match os.args[1] {
   15 |             'run' { run.radon_run() }
      |                         ~~~~~~~~~~~
   16 |             'update' { update.update() }
   17 |             else { println('Invalid command. Please run ${term.bg_blue('help')} for a list of commands \n\n') }
src/cmd/radon.v:16:22: error: unknown function: tools.update.update 
   14 |         match os.args[1] {
   15 |             'run' { run.radon_run() }
   16 |             'update' { update.update() }
      |                               ~~~~~~~~
   17 |             else { println('Invalid command. Please run ${term.bg_blue('help')} for a list of commands \n\n') }
   18 |         }
src/cmd/radon.v:22:8: error: unknown function: tools.print_art 
   20 |     }
   21 | 
   22 |     tools.print_art()
      |           ~~~~~~~~~~~
   23 |     println('Run ${term.bg_blue('link')} to symlink the radon exectuable to your PATH. \nFor any other commands, run ${term.bg_blue('help')}. \n${term.bg_blue('exit')} to exit the REPL. \n\nUse ${term.bg_blue('radon run <file>')} to compile & run a radon file. \n\n')
   24 |     command := os.input('')
src/cmd/radon.v:29:23: error: unknown function: tools.symlink.link 
   27 |         'link' {
   28 |             match user_os {
   29 |                 'linux' { symlink.link() }
      |                                   ~~~~~~
   30 |                 'windows' { symlink.windows_symlink() }
   31 |                 else { println('OS not supported') }
src/cmd/radon.v:30:25: error: unknown function: tools.symlink.windows_symlink 
   28 |             match user_os {
   29 |                 'linux' { symlink.link() }
   30 |                 'windows' { symlink.windows_symlink() }
      |                                     ~~~~~~~~~~~~~~~~~
   31 |                 else { println('OS not supported') }
   32 |             }
src/cmd/radon.v:35:12: error: unknown function: tools.symlink.unlink 
   33 |         }
   34 |         'unlink' {
   35 |             symlink.unlink()
      |                     ~~~~~~~~
   36 |         }
   37 |         'help' {
src/cmd/radon.v:38:9: error: unknown function: tools.help.help 
   36 |         }
   37 |         'help' {
   38 |             help.help()
      |                  ~~~~~~
   39 |         }
   40 |         'update' {
src/cmd/radon.v:41:11: error: unknown function: tools.update.update 
   39 |         }
   40 |         'update' {
   41 |             update.update()
      |                    ~~~~~~~~
   42 |         }
   43 |         'exit' {
If the code of your project is in multiple files, try with `v src\cmd` instead of `v src/cmd/radon.v`
